Using pre-set license
Built from '2021.3/staging' branch; Version is '2021.3.15f1 (e8e88683f834) revision 15263878'; Using compiler version '192829333'; Build Type 'Release'
OS: 'Windows 10  (10.0.19045) 64bit Core' Language: 'en' Physical Memory: 15789 MB
BatchMode: 1, IsHumanControllingUs: 0, StartBugReporterOnCrash: 0, Is64bit: 1, IsPro: 1

COMMAND LINE ARGUMENTS:
C:\Program Files\Unity\Hub\Editor\2021.3.15f1\Editor\Unity.exe
-adb2
-batchMode
-noUpm
-name
AssetImportWorker0
-projectPath
C:/Users/l0tus/Documents/_SCHOOL/AIE COURSE/ChezQuet/ChezQuestForNow
-logFile
Logs/AssetImportWorker0.log
-srvPort
54264
Successfully changed project path to: C:/Users/l0tus/Documents/_SCHOOL/AIE COURSE/ChezQuet/ChezQuestForNow
C:/Users/l0tus/Documents/_SCHOOL/AIE COURSE/ChezQuet/ChezQuestForNow
[UnityMemory] Configuration Parameters - Can be set up in boot.config
    "memorysetup-bucket-allocator-granularity=16"
    "memorysetup-bucket-allocator-bucket-count=8"
    "memorysetup-bucket-allocator-block-size=33554432"
    "memorysetup-bucket-allocator-block-count=8"
    "memorysetup-main-allocator-block-size=16777216"
    "memorysetup-thread-allocator-block-size=16777216"
    "memorysetup-gfx-main-allocator-block-size=16777216"
    "memorysetup-gfx-thread-allocator-block-size=16777216"
    "memorysetup-cache-allocator-block-size=4194304"
    "memorysetup-typetree-allocator-block-size=2097152"
    "memorysetup-profiler-bucket-allocator-granularity=16"
    "memorysetup-profiler-bucket-allocator-bucket-count=8"
    "memorysetup-profiler-bucket-allocator-block-size=33554432"
    "memorysetup-profiler-bucket-allocator-block-count=8"
    "memorysetup-profiler-allocator-block-size=16777216"
    "memorysetup-profiler-editor-allocator-block-size=1048576"
    "memorysetup-temp-allocator-size-main=16777216"
    "memorysetup-job-temp-allocator-block-size=2097152"
    "memorysetup-job-temp-allocator-block-size-background=1048576"
    "memorysetup-job-temp-allocator-reduction-small-platforms=262144"
    "memorysetup-temp-allocator-size-background-worker=32768"
    "memorysetup-temp-allocator-size-job-worker=262144"
    "memorysetup-temp-allocator-size-preload-manager=33554432"
    "memorysetup-temp-allocator-size-nav-mesh-worker=65536"
    "memorysetup-temp-allocator-size-audio-worker=65536"
    "memorysetup-temp-allocator-size-cloud-worker=32768"
    "memorysetup-temp-allocator-size-gi-baking-worker=262144"
    "memorysetup-temp-allocator-size-gfx=262144"
Player connection [26724] Host "[IP] 192.168.0.10 [Port] 0 [Flags] 2 [Guid] 342613602 [EditorId] 342613602 [Version] 1048832 [Id] WindowsEditor(7,rubisrightegg) [Debug] 1 [PackageName] WindowsEditor [ProjectName] Editor" joined multi-casting on [225.0.0.222:54997]...

Player connection [26724] Host "[IP] 192.168.0.10 [Port] 0 [Flags] 2 [Guid] 342613602 [EditorId] 342613602 [Version] 1048832 [Id] WindowsEditor(7,rubisrightegg) [Debug] 1 [PackageName] WindowsEditor [ProjectName] Editor" joined alternative multi-casting on [225.0.0.222:34997]...

Refreshing native plugins compatible for Editor in 97.56 ms, found 3 plugins.
Preloading 0 native plugins for Editor in 0.00 ms.
Initialize engine version: 2021.3.15f1 (e8e88683f834)
[Subsystems] Discovering subsystems at path C:/Program Files/Unity/Hub/Editor/2021.3.15f1/Editor/Data/Resources/UnitySubsystems
[Subsystems] Discovering subsystems at path C:/Users/l0tus/Documents/_SCHOOL/AIE COURSE/ChezQuet/ChezQuestForNow/Assets
GfxDevice: creating device client; threaded=0; jobified=0
Direct3D:
    Version:  Direct3D 11.0 [level 11.1]
    Renderer: NVIDIA GeForce GTX 1650 Ti (ID=0x2192)
    Vendor:   NVIDIA
    VRAM:     3962 MB
    Driver:   30.0.15.1278
Initialize mono
Mono path[0] = 'C:/Program Files/Unity/Hub/Editor/2021.3.15f1/Editor/Data/Managed'
Mono path[1] = 'C:/Program Files/Unity/Hub/Editor/2021.3.15f1/Editor/Data/MonoBleedingEdge/lib/mono/unityjit-win32'
Mono config path = 'C:/Program Files/Unity/Hub/Editor/2021.3.15f1/Editor/Data/MonoBleedingEdge/etc'
Using monoOptions --debugger-agent=transport=dt_socket,embedding=1,server=y,suspend=n,address=127.0.0.1:56152
Begin MonoManager ReloadAssembly
Registering precompiled unity dll's ...
Register platform support module: C:/Program Files/Unity/Hub/Editor/2021.3.15f1/Editor/Data/PlaybackEngines/WindowsStandaloneSupport/UnityEditor.WindowsStandalone.Extensions.dll
Registered in 0.012866 seconds.
Native extension for WindowsStandalone target not found
Refreshing native plugins compatible for Editor in 91.75 ms, found 3 plugins.
Preloading 0 native plugins for Editor in 0.00 ms.
Mono: successfully reloaded assembly
- Completed reload, in  0.822 seconds
Domain Reload Profiling:
	ReloadAssembly (823ms)
		BeginReloadAssembly (100ms)
			ExecutionOrderSort (0ms)
			DisableScriptedObjects (0ms)
			BackupInstance (0ms)
			ReleaseScriptingObjects (0ms)
			CreateAndSetChildDomain (1ms)
		EndReloadAssembly (557ms)
			LoadAssemblies (96ms)
			RebuildTransferFunctionScriptingTraits (0ms)
			SetupTypeCache (125ms)
			ReleaseScriptCaches (0ms)
			RebuildScriptCaches (33ms)
			SetupLoadedEditorAssemblies (333ms)
				LogAssemblyErrors (0ms)
				InitializePlatformSupportModulesInManaged (12ms)
				SetLoadedEditorAssemblies (0ms)
				RefreshPlugins (92ms)
				BeforeProcessingInitializeOnLoad (2ms)
				ProcessInitializeOnLoadAttributes (174ms)
				ProcessInitializeOnLoadMethodAttributes (52ms)
				AfterProcessingInitializeOnLoad (0ms)
				EditorAssembliesLoaded (0ms)
			ExecutionOrderSort2 (0ms)
			AwakeInstancesAfterBackupRestoration (0ms)
Platform modules already initialized, skipping
Registering precompiled user dll's ...
Registered in 0.010403 seconds.
Begin MonoManager ReloadAssembly
Symbol file LoadedFromMemory doesn't match image C:\Users\l0tus\Documents\_SCHOOL\AIE COURSE\ChezQuet\ChezQuestForNow\Library\PackageCache\com.unity.visualscripting@1.7.8\Editor\VisualScripting.Core\Dependencies\YamlDotNet\Unity.VisualScripting.YamlDotNet.dll
Symbol file LoadedFromMemory doesn't match image C:\Users\l0tus\Documents\_SCHOOL\AIE COURSE\ChezQuet\ChezQuestForNow\Library\PackageCache\com.unity.visualscripting@1.7.8\Editor\VisualScripting.Core\Dependencies\DotNetZip\Unity.VisualScripting.IonicZip.dll
Native extension for WindowsStandalone target not found
Refreshing native plugins compatible for Editor in 0.62 ms, found 3 plugins.
Preloading 0 native plugins for Editor in 0.00 ms.
Mono: successfully reloaded assembly
- Completed reload, in  1.414 seconds
Domain Reload Profiling:
	ReloadAssembly (1415ms)
		BeginReloadAssembly (143ms)
			ExecutionOrderSort (0ms)
			DisableScriptedObjects (6ms)
			BackupInstance (0ms)
			ReleaseScriptingObjects (0ms)
			CreateAndSetChildDomain (24ms)
		EndReloadAssembly (1100ms)
			LoadAssemblies (129ms)
			RebuildTransferFunctionScriptingTraits (0ms)
			SetupTypeCache (330ms)
			ReleaseScriptCaches (1ms)
			RebuildScriptCaches (63ms)
			SetupLoadedEditorAssemblies (538ms)
				LogAssemblyErrors (0ms)
				InitializePlatformSupportModulesInManaged (8ms)
				SetLoadedEditorAssemblies (1ms)
				RefreshPlugins (1ms)
				BeforeProcessingInitializeOnLoad (122ms)
				ProcessInitializeOnLoadAttributes (332ms)
				ProcessInitializeOnLoadMethodAttributes (59ms)
				AfterProcessingInitializeOnLoad (15ms)
				EditorAssembliesLoaded (0ms)
			ExecutionOrderSort2 (0ms)
			AwakeInstancesAfterBackupRestoration (7ms)
Platform modules already initialized, skipping
========================================================================
Worker process is ready to serve import requests
Launched and connected shader compiler UnityShaderCompiler.exe after 0.11 seconds
Refreshing native plugins compatible for Editor in 1.75 ms, found 3 plugins.
Preloading 0 native plugins for Editor in 0.00 ms.
Unloading 3361 Unused Serialized files (Serialized files now loaded: 0)
Unloading 25 unused Assets / (56.1 KB). Loaded Objects now: 3820.
Memory consumption went from 115.5 MB to 115.4 MB.
Total: 3.849200 ms (FindLiveObjects: 0.339400 ms CreateObjectMapping: 0.125200 ms MarkObjects: 3.233400 ms  DeleteObjects: 0.148600 ms)

AssetImportParameters requested are different than current active one (requested -> active):
  custom:video-decoder-ogg-theora: a1e56fd34408186e4bbccfd4996cb3dc -> 
  custom:container-muxer-webm: aa71ff27fc2769a1b78a27578f13a17b -> 
  custom:container-demuxer-webm: 4f35f7cbe854078d1ac9338744f61a02 -> 
  custom:video-encoder-webm-vp8: eb34c28f22e8b96e1ab97ce403110664 -> 
  custom:video-codec-MediaFoundation-h265: 746d11721c4dcdbdad8f713fa42b33f4 -> 
  custom:audio-encoder-webm-vorbis: bf7c407c2cedff20999df2af8eb42d56 -> 
  custom:framework-win-MediaFoundation: 216162199b28c13a410421893ffa2e32 -> 
  custom:container-demuxer-ogg: 62fdf1f143b41e24485cea50d1cbac27 -> 
  custom:video-decoder-webm-vp8: 9c59270c3fd7afecdb556c50c9e8de78 -> 
  custom:audio-decoder-ogg-vorbis: bf7c407c2cedff20999df2af8eb42d56 -> 
========================================================================
Received Prepare
Registering precompiled user dll's ...
Registered in 0.009264 seconds.
Begin MonoManager ReloadAssembly
IOException: Sharing violation on path C:\Users\l0tus\Documents\_SCHOOL\AIE COURSE\ChezQuet\ChezQuestForNow\ProjectSettings\Packages\com.unity.testtools.codecoverage\Settings.json
  at System.IO.FileStream..ctor (System.String path, System.IO.FileMode mode, System.IO.FileAccess access, System.IO.FileShare share, System.Int32 bufferSize, System.Boolean anonymous, System.IO.FileOptions options) [0x0019e] in <d6232873609549b8a045fa15811a5bd3>:0 
  at System.IO.FileStream..ctor (System.String path, System.IO.FileMode mode, System.IO.FileAccess access, System.IO.FileShare share, System.Int32 bufferSize, System.IO.FileOptions options) [0x00000] in <d6232873609549b8a045fa15811a5bd3>:0 
  at (wrapper remoting-invoke-with-check) System.IO.FileStream..ctor(string,System.IO.FileMode,System.IO.FileAccess,System.IO.FileShare,int,System.IO.FileOptions)
  at System.IO.StreamWriter..ctor (System.String path, System.Boolean append, System.Text.Encoding encoding, System.Int32 bufferSize) [0x00055] in <d6232873609549b8a045fa15811a5bd3>:0 
  at System.IO.StreamWriter..ctor (System.String path) [0x00008] in <d6232873609549b8a045fa15811a5bd3>:0 
  at (wrapper remoting-invoke-with-check) System.IO.StreamWriter..ctor(string)
  at System.IO.File.WriteAllText (System.String path, System.String contents) [0x00026] in <d6232873609549b8a045fa15811a5bd3>:0 
  at UnityEditor.SettingsManagement.PackageSettingsRepository.Save () [0x00070] in C:\Users\l0tus\Documents\_SCHOOL\AIE COURSE\ChezQuet\ChezQuestForNow\Library\PackageCache\com.unity.settings-manager@1.0.3\Editor\PackageSettingsRepository.cs:144 
  at UnityEditor.AssemblyReloadEvents.OnBeforeAssemblyReload () [0x00017] in <63965ae56af7489797f355b7c1211ab2>:0 

(Filename: Library/PackageCache/com.unity.settings-manager@1.0.3/Editor/PackageSettingsRepository.cs Line: 144)

Symbol file LoadedFromMemory doesn't match image C:\Users\l0tus\Documents\_SCHOOL\AIE COURSE\ChezQuet\ChezQuestForNow\Library\PackageCache\com.unity.visualscripting@1.7.8\Editor\VisualScripting.Core\Dependencies\YamlDotNet\Unity.VisualScripting.YamlDotNet.dll
Symbol file LoadedFromMemory doesn't match image C:\Users\l0tus\Documents\_SCHOOL\AIE COURSE\ChezQuet\ChezQuestForNow\Library\PackageCache\com.unity.visualscripting@1.7.8\Editor\VisualScripting.Core\Dependencies\DotNetZip\Unity.VisualScripting.IonicZip.dll
Native extension for WindowsStandalone target not found
Refreshing native plugins compatible for Editor in 1.07 ms, found 3 plugins.
Preloading 0 native plugins for Editor in 0.00 ms.
Mono: successfully reloaded assembly
- Completed reload, in  1.657 seconds
Domain Reload Profiling:
	ReloadAssembly (1659ms)
		BeginReloadAssembly (240ms)
			ExecutionOrderSort (0ms)
			DisableScriptedObjects (8ms)
			BackupInstance (0ms)
			ReleaseScriptingObjects (0ms)
			CreateAndSetChildDomain (55ms)
		EndReloadAssembly (1246ms)
			LoadAssemblies (163ms)
			RebuildTransferFunctionScriptingTraits (0ms)
			SetupTypeCache (413ms)
			ReleaseScriptCaches (2ms)
			RebuildScriptCaches (65ms)
			SetupLoadedEditorAssemblies (555ms)
				LogAssemblyErrors (0ms)
				InitializePlatformSupportModulesInManaged (24ms)
				SetLoadedEditorAssemblies (1ms)
				RefreshPlugins (1ms)
				BeforeProcessingInitializeOnLoad (119ms)
				ProcessInitializeOnLoadAttributes (355ms)
				ProcessInitializeOnLoadMethodAttributes (38ms)
				AfterProcessingInitializeOnLoad (17ms)
				EditorAssembliesLoaded (0ms)
			ExecutionOrderSort2 (0ms)
			AwakeInstancesAfterBackupRestoration (9ms)
Platform modules already initialized, skipping
Refreshing native plugins compatible for Editor in 4.15 ms, found 3 plugins.
Preloading 0 native plugins for Editor in 0.00 ms.
Unloading 3354 Unused Serialized files (Serialized files now loaded: 0)
Unloading 18 unused Assets / (24.7 KB). Loaded Objects now: 3823.
Memory consumption went from 115.3 MB to 115.3 MB.
Total: 4.585100 ms (FindLiveObjects: 0.445700 ms CreateObjectMapping: 0.264700 ms MarkObjects: 3.795100 ms  DeleteObjects: 0.077300 ms)

AssetImportParameters requested are different than current active one (requested -> active):
  custom:video-decoder-ogg-theora: a1e56fd34408186e4bbccfd4996cb3dc -> 
  custom:container-muxer-webm: aa71ff27fc2769a1b78a27578f13a17b -> 
  custom:container-demuxer-webm: 4f35f7cbe854078d1ac9338744f61a02 -> 
  custom:video-encoder-webm-vp8: eb34c28f22e8b96e1ab97ce403110664 -> 
  custom:video-codec-MediaFoundation-h265: 746d11721c4dcdbdad8f713fa42b33f4 -> 
  custom:audio-encoder-webm-vorbis: bf7c407c2cedff20999df2af8eb42d56 -> 
  custom:framework-win-MediaFoundation: 216162199b28c13a410421893ffa2e32 -> 
  custom:container-demuxer-ogg: 62fdf1f143b41e24485cea50d1cbac27 -> 
  custom:video-decoder-webm-vp8: 9c59270c3fd7afecdb556c50c9e8de78 -> 
  custom:audio-decoder-ogg-vorbis: bf7c407c2cedff20999df2af8eb42d56 -> 
========================================================================
Received Import Request.
  Time since last request: 4684.899467 seconds.
  path: Assets/C
  artifactKey: Guid(2398c2808a1f7e44f8de8c4d6158b6a7) Importer(815301076,1909f56bfc062723c751e8b465ee728b)
Start importing Assets/C using Guid(2398c2808a1f7e44f8de8c4d6158b6a7) Importer(815301076,1909f56bfc062723c751e8b465ee728b)  -> (artifact id: 'cb9b895c789d61389914e8aec30c77c8') in 0.029247 seconds 
========================================================================
Received Import Request.
  Time since last request: 17.023786 seconds.
  path: Assets
  artifactKey: Guid(00000000000000001000000000000000) Importer(815301076,1909f56bfc062723c751e8b465ee728b)
Start importing Assets using Guid(00000000000000001000000000000000) Importer(815301076,1909f56bfc062723c751e8b465ee728b)  -> (artifact id: '79842766b460edbeab6a34051e857a80') in 0.004245 seconds 
========================================================================
Received Import Request.
  Time since last request: 9.793462 seconds.
  path: Assets/Custom Mats
  artifactKey: Guid(54d839c00ecd7c84e96075dc6b83b05f) Importer(815301076,1909f56bfc062723c751e8b465ee728b)
Start importing Assets/Custom Mats using Guid(54d839c00ecd7c84e96075dc6b83b05f) Importer(815301076,1909f56bfc062723c751e8b465ee728b)  -> (artifact id: 'a682d53fdd610693efad39ca8019273c') in 0.004806 seconds 
========================================================================
Received Import Request.
  Time since last request: 24.163689 seconds.
  path: Assets/Custom Mats/New Material.mat
  artifactKey: Guid(69f0a1c070ce90a47b56d2897a9b0b0c) Importer(815301076,1909f56bfc062723c751e8b465ee728b)
Start importing Assets/Custom Mats/New Material.mat using Guid(69f0a1c070ce90a47b56d2897a9b0b0c) Importer(815301076,1909f56bfc062723c751e8b465ee728b)  -> (artifact id: 'ed93231df40479750df445f4f465b63a') in 0.389779 seconds 
========================================================================
Received Import Request.
  Time since last request: 201.594852 seconds.
  path: Assets/Scenes
  artifactKey: Guid(6ea315d0fd7389c41b19996891e99ae3) Importer(815301076,1909f56bfc062723c751e8b465ee728b)
Start importing Assets/Scenes using Guid(6ea315d0fd7389c41b19996891e99ae3) Importer(815301076,1909f56bfc062723c751e8b465ee728b)  -> (artifact id: 'bc172811d573b296104adb4d2728db37') in 0.004992 seconds 
========================================================================
Received Import Request.
  Time since last request: 5.906932 seconds.
  path: Assets/Textures
  artifactKey: Guid(54d839c00ecd7c84e96075dc6b83b05f) Importer(815301076,1909f56bfc062723c751e8b465ee728b)
Start importing Assets/Textures using Guid(54d839c00ecd7c84e96075dc6b83b05f) Importer(815301076,1909f56bfc062723c751e8b465ee728b)  -> (artifact id: '31316ce9837b94d2f6aa1887f0a89554') in 0.004698 seconds 
========================================================================
Received Import Request.
  Time since last request: 9.650707 seconds.
  path: Assets/Textures/New Piskel (1).gif
  artifactKey: Guid(2bf0927b0a0bc0b4aaded1539be0dd65) Importer(815301076,1909f56bfc062723c751e8b465ee728b)
Start importing Assets/Textures/New Piskel (1).gif using Guid(2bf0927b0a0bc0b4aaded1539be0dd65) Importer(815301076,1909f56bfc062723c751e8b465ee728b)  -> (artifact id: '760c9517d4fbdfb39897f045b68c5a52') in 0.061604 seconds 
========================================================================
Received Import Request.
  Time since last request: 36.009886 seconds.
  path: Assets/Textures/OLD WOOD.png.png
  artifactKey: Guid(528679e84f15dd14d928211fcdf1ca50) Importer(815301076,1909f56bfc062723c751e8b465ee728b)
Start importing Assets/Textures/OLD WOOD.png.png using Guid(528679e84f15dd14d928211fcdf1ca50) Importer(815301076,1909f56bfc062723c751e8b465ee728b)  -> (artifact id: '03fd200b8fface3d65ac8ff8804a2c2c') in 0.027668 seconds 
========================================================================
Received Import Request.
  Time since last request: 3337.557345 seconds.
  path: Assets/Textures/New Material.mat
  artifactKey: Guid(69f0a1c070ce90a47b56d2897a9b0b0c) Importer(815301076,1909f56bfc062723c751e8b465ee728b)
Start importing Assets/Textures/New Material.mat using Guid(69f0a1c070ce90a47b56d2897a9b0b0c) Importer(815301076,1909f56bfc062723c751e8b465ee728b)  -> (artifact id: 'eaaf3a288094cc0aa59fe6b62eef9069') in 0.132212 seconds 
========================================================================
Received Import Request.
  Time since last request: 665.240475 seconds.
  path: Assets/Textures/New Piskel-2.png.png
  artifactKey: Guid(07ab19f1589268142b6f298113f816d5) Importer(815301076,1909f56bfc062723c751e8b465ee728b)
Start importing Assets/Textures/New Piskel-2.png.png using Guid(07ab19f1589268142b6f298113f816d5) Importer(815301076,1909f56bfc062723c751e8b465ee728b)  -> (artifact id: 'b61a956e58201b1c513e715e6c274508') in 0.028390 seconds 
========================================================================
Received Import Request.
  Time since last request: 187.181920 seconds.
  path: Assets/Textures/NASTY GRASSY.png.png
  artifactKey: Guid(6791372644a8ee44faaec5092ae8a0b6) Importer(815301076,1909f56bfc062723c751e8b465ee728b)
Start importing Assets/Textures/NASTY GRASSY.png.png using Guid(6791372644a8ee44faaec5092ae8a0b6) Importer(815301076,1909f56bfc062723c751e8b465ee728b)  -> (artifact id: '7eef494a1692c2f424f1ceea881e34dc') in 0.011942 seconds 
========================================================================
Received Import Request.
  Time since last request: 8.188088 seconds.
  path: Assets/Textures/New Material 1.mat
  artifactKey: Guid(7fafe2ee98f7d9b4198aefef78997316) Importer(815301076,1909f56bfc062723c751e8b465ee728b)
Start importing Assets/Textures/New Material 1.mat using Guid(7fafe2ee98f7d9b4198aefef78997316) Importer(815301076,1909f56bfc062723c751e8b465ee728b)  -> (artifact id: 'e504268511bcc2ba6b63cede710f30ae') in 0.014570 seconds 
========================================================================
Received Import Request.
  Time since last request: 2069.252728 seconds.
  path: Assets/Textures/SAD GRASS.png.png
  artifactKey: Guid(5bfbd6d370c3bd943838f77907907e63) Importer(815301076,1909f56bfc062723c751e8b465ee728b)
Start importing Assets/Textures/SAD GRASS.png.png using Guid(5bfbd6d370c3bd943838f77907907e63) Importer(815301076,1909f56bfc062723c751e8b465ee728b)  -> (artifact id: '966341a86b998f18b915781bdbd23ba8') in 0.027574 seconds 
